<?xml version="1.0" encoding="UTF-8"?>
<!-- Generated by org.testng.reporters.JUnitReportReporter -->
<testsuite hostname="DE-USE28g0056" failures="0" tests="1" name="Practice.PracticeForMaven" time="0.017" errors="0" timestamp="2023-02-15T01:42:23 EST" skipped="0">
  <testcase classname="Practice.PracticeForMaven" name="TrialMaven" time="0.017"/>
  <system-out/>
</testsuite> <!-- Practice.PracticeForMaven -->
